Determining if the pthread_create exist failed with the following output:
Change Dir: /home/zrji/caffe_half/gg/CMakeFiles/CMakeTmp

Run Build Command:"/usr/bin/make" "cmTC_f2dff/fast"
/usr/bin/make -f CMakeFiles/cmTC_f2dff.dir/build.make CMakeFiles/cmTC_f2dff.dir/build
make[1]: Entering directory '/home/zrji/caffe_half/gg/CMakeFiles/CMakeTmp'
Building C object CMakeFiles/cmTC_f2dff.dir/CheckSymbolExists.c.o
/usr/bin/cc     -o CMakeFiles/cmTC_f2dff.dir/CheckSymbolExists.c.o   -c /home/zrji/caffe_half/gg/CMakeFiles/CMakeTmp/CheckSymbolExists.c
Linking C executable cmTC_f2dff
/usr/bin/cmake -E cmake_link_script CMakeFiles/cmTC_f2dff.dir/link.txt --verbose=1
/usr/bin/cc       CMakeFiles/cmTC_f2dff.dir/CheckSymbolExists.c.o  -o cmTC_f2dff -rdynamic 
CMakeFiles/cmTC_f2dff.dir/CheckSymbolExists.c.o: In function `main':
CheckSymbolExists.c:(.text+0x16): undefined reference to `pthread_create'
collect2: error: ld returned 1 exit status
CMakeFiles/cmTC_f2dff.dir/build.make:97: recipe for target 'cmTC_f2dff' failed
make[1]: *** [cmTC_f2dff] Error 1
make[1]: Leaving directory '/home/zrji/caffe_half/gg/CMakeFiles/CMakeTmp'
Makefile:126: recipe for target 'cmTC_f2dff/fast' failed
make: *** [cmTC_f2dff/fast] Error 2

File /home/zrji/caffe_half/gg/CMakeFiles/CMakeTmp/CheckSymbolExists.c:
/* */
#include <pthread.h>

int main(int argc, char** argv)
{
  (void)argv;
#ifndef pthread_create
  return ((int*)(&pthread_create))[argc];
#else
  (void)argc;
  return 0;
#endif
}

Determining if the function pthread_create exists in the pthreads failed with the following output:
Change Dir: /home/zrji/caffe_half/gg/CMakeFiles/CMakeTmp

Run Build Command:"/usr/bin/make" "cmTC_dd6f8/fast"
/usr/bin/make -f CMakeFiles/cmTC_dd6f8.dir/build.make CMakeFiles/cmTC_dd6f8.dir/build
make[1]: Entering directory '/home/zrji/caffe_half/gg/CMakeFiles/CMakeTmp'
Building C object CMakeFiles/cmTC_dd6f8.dir/CheckFunctionExists.c.o
/usr/bin/cc    -DCHECK_FUNCTION_EXISTS=pthread_create   -o CMakeFiles/cmTC_dd6f8.dir/CheckFunctionExists.c.o   -c /usr/share/cmake-3.5/Modules/CheckFunctionExists.c
Linking C executable cmTC_dd6f8
/usr/bin/cmake -E cmake_link_script CMakeFiles/cmTC_dd6f8.dir/link.txt --verbose=1
/usr/bin/cc   -DCHECK_FUNCTION_EXISTS=pthread_create    CMakeFiles/cmTC_dd6f8.dir/CheckFunctionExists.c.o  -o cmTC_dd6f8 -rdynamic -lpthreads 
/usr/bin/ld: cannot find -lpthreads
collect2: error: ld returned 1 exit status
CMakeFiles/cmTC_dd6f8.dir/build.make:97: recipe for target 'cmTC_dd6f8' failed
make[1]: *** [cmTC_dd6f8] Error 1
make[1]: Leaving directory '/home/zrji/caffe_half/gg/CMakeFiles/CMakeTmp'
Makefile:126: recipe for target 'cmTC_dd6f8/fast' failed
make: *** [cmTC_dd6f8/fast] Error 2


